<?xml version="1.0" encoding="UTF-8"?>
<testsuites name="Mocha Tests" time="36.376" tests="2" failures="0">
  <testsuite name="Root Suite" timestamp="2020-05-18T21:56:43" tests="0" file="cypress\integration\features\searchPage.feature" failures="0" time="0">
  </testsuite>
  <testsuite name="Search Page" timestamp="2020-05-18T21:56:43" tests="2" failures="0" time="36.376">
    <testcase name="Search Page Should search a product" time="15.235" classname="Should search a product">
    </testcase>
    <testcase name="Search Page Should search for non-existent product" time="21.141" classname="Should search for non-existent product">
    </testcase>
  </testsuite>
</testsuites>