<?xml version="1.0" encoding="UTF-8"?>
<testsuites name="Mocha Tests" time="0" tests="2" failures="2">
  <testsuite name="Root Suite" timestamp="2020-05-19T22:26:56" tests="0" file="cypress\integration\features\searchPage.feature" failures="0" time="0">
  </testsuite>
  <testsuite name="Search Page" timestamp="2020-05-19T22:26:56" tests="2" failures="2" time="0">
    <testcase name="Search Page Should search a product" time="0" classname="Should search a product">
      <failure message="Timed out retrying: expected &apos;[ &lt;a.text-secondary&gt;, 53 more... ]&apos; to contain &apos; produtos encontradosa&apos;" type="AssertionError"><![CDATA[AssertionError: Timed out retrying: expected '[ <a.text-secondary>, 53 more... ]' to contain ' produtos encontradosa'
    at applyChainer (https://www.kalunga.com.br/__cypress/runner/cypress_runner.js:131898:32)
    at https://www.kalunga.com.br/__cypress/runner/cypress_runner.js:131940:16
    at arrayReduce (https://www.kalunga.com.br/__cypress/runner/cypress_runner.js:18578:21)
    at Function.reduce (https://www.kalunga.com.br/__cypress/runner/cypress_runner.js:27576:14)
    at applyChainers (https://www.kalunga.com.br/__cypress/runner/cypress_runner.js:131929:22)
    at tryCatcher (https://www.kalunga.com.br/__cypress/runner/cypress_runner.js:9065:23)
    at Function.Promise.attempt.Promise.try (https://www.kalunga.com.br/__cypress/runner/cypress_runner.js:6339:29)
    at Context.shouldFn (https://www.kalunga.com.br/__cypress/runner/cypress_runner.js:131946:26)
    at Context.should (https://www.kalunga.com.br/__cypress/runner/cypress_runner.js:131964:23)
    at https://www.kalunga.com.br/__cypress/runner/cypress_runner.js:127819:39
    at assertions (https://www.kalunga.com.br/__cypress/runner/cypress_runner.js:128079:14)
    at tryCatcher (https://www.kalunga.com.br/__cypress/runner/cypress_runner.js:9065:23)
    at Object.gotValue (https://www.kalunga.com.br/__cypress/runner/cypress_runner.js:8209:18)
    at Object.gotAccum (https://www.kalunga.com.br/__cypress/runner/cypress_runner.js:8196:25)
    at Object.tryCatcher (https://www.kalunga.com.br/__cypress/runner/cypress_runner.js:9065:23)
    at Promise._settlePromiseFromHandler (https://www.kalunga.com.br/__cypress/runner/cypress_runner.js:7000:31)]]></failure>
    </testcase>
    <testcase name="Search Page Should search for non-existent product" time="0" classname="Should search for non-existent product">
      <failure message="Timed out retrying: expected &apos;[ &lt;span#btnPesquisa.input-group-addon.text-white.rounded-right.bt-busca.px-3.py-1&gt;, 298 more... ]&apos; to contain &apos;Não encontramos produtos com o termoss &apos;" type="AssertionError"><![CDATA[AssertionError: Timed out retrying: expected '[ <span#btnPesquisa.input-group-addon.text-white.rounded-right.bt-busca.px-3.py-1>, 298 more... ]' to contain 'Não encontramos produtos com o termoss '
    at applyChainer (https://www.kalunga.com.br/__cypress/runner/cypress_runner.js:131898:32)
    at https://www.kalunga.com.br/__cypress/runner/cypress_runner.js:131940:16
    at arrayReduce (https://www.kalunga.com.br/__cypress/runner/cypress_runner.js:18578:21)
    at Function.reduce (https://www.kalunga.com.br/__cypress/runner/cypress_runner.js:27576:14)
    at applyChainers (https://www.kalunga.com.br/__cypress/runner/cypress_runner.js:131929:22)
    at tryCatcher (https://www.kalunga.com.br/__cypress/runner/cypress_runner.js:9065:23)
    at Function.Promise.attempt.Promise.try (https://www.kalunga.com.br/__cypress/runner/cypress_runner.js:6339:29)
    at Context.shouldFn (https://www.kalunga.com.br/__cypress/runner/cypress_runner.js:131946:26)
    at Context.should (https://www.kalunga.com.br/__cypress/runner/cypress_runner.js:131964:23)
    at https://www.kalunga.com.br/__cypress/runner/cypress_runner.js:127819:39
    at assertions (https://www.kalunga.com.br/__cypress/runner/cypress_runner.js:128079:14)
    at tryCatcher (https://www.kalunga.com.br/__cypress/runner/cypress_runner.js:9065:23)
    at Object.gotValue (https://www.kalunga.com.br/__cypress/runner/cypress_runner.js:8209:18)
    at Object.gotAccum (https://www.kalunga.com.br/__cypress/runner/cypress_runner.js:8196:25)
    at Object.tryCatcher (https://www.kalunga.com.br/__cypress/runner/cypress_runner.js:9065:23)
    at Promise._settlePromiseFromHandler (https://www.kalunga.com.br/__cypress/runner/cypress_runner.js:7000:31)]]></failure>
    </testcase>
  </testsuite>
</testsuites>